<?xml version="1.0" encoding="UTF-8"?>
<!-- Generated by org.testng.reporters.JUnitXMLReporter -->
<testsuite ignored="4" hostname="LAPTOP-M477RGU6" failures="0" tests="1" name="Test" time="4.619" errors="0" timestamp="2024-04-05T15:48:31 IST">
  <testcase classname="TestNG.youtube" name="yt" time="4.574"/>
  <testcase classname="TestNG.facebook" name="fb" time="0.0">
    <ignored/>
  </testcase> <!-- fb -->
  <testcase classname="TestNG.flipcart" name="flipkrt" time="0.0">
    <ignored/>
  </testcase> <!-- flipkrt -->
  <testcase classname="TestNG.carwale" name="car" time="0.0">
    <ignored/>
  </testcase> <!-- car -->
  <testcase classname="TestNG.amazon" name="amaz" time="0.0">
    <ignored/>
  </testcase> <!-- amaz -->
</testsuite> <!-- Test -->
