<?xml version="1.0" encoding="UTF-8"?>
<testng-results ignored="0" total="1" passed="1" failed="0" skipped="0">
  <reporter-output>
    <line>
      <![CDATA[before suite is launched]]>
    </line>
    <line>
      <![CDATA[before test is launched]]>
    </line>
    <line>
      <![CDATA[before class is launched]]>
    </line>
    <line>
      <![CDATA[before method is launched]]>
    </line>
    <line>
      <![CDATA[test is launched]]>
    </line>
    <line>
      <![CDATA[aftermethod is launched]]>
    </line>
    <line>
      <![CDATA[after class is launched]]>
    </line>
    <line>
      <![CDATA[after test is launched]]>
    </line>
    <line>
      <![CDATA[after suite is launched]]>
    </line>
  </reporter-output>
  <suite started-at="2024-05-05T23:13:25 IST" name="Default suite" finished-at="2024-05-05T23:13:25 IST" duration-ms="43">
    <groups>
    </groups>
    <test started-at="2024-05-05T23:13:25 IST" name="Default test" finished-at="2024-05-05T23:13:25 IST" duration-ms="43">
      <class name="ChronologicalOrder.Annotation">
        <test-method is-config="true" signature="bs()[pri:0, instance:ChronologicalOrder.Annotation@59505b48]" started-at="2024-05-05T23:13:24 IST" name="bs" finished-at="2024-05-05T23:13:25 IST" duration-ms="9" status="PASS">
          <reporter-output>
            <line>
              <![CDATA[before suite is launched]]>
            </line>
          </reporter-output>
        </test-method> <!-- bs -->
        <test-method is-config="true" signature="bt()[pri:0, instance:ChronologicalOrder.Annotation@59505b48]" started-at="2024-05-05T23:13:25 IST" name="bt" finished-at="2024-05-05T23:13:25 IST" duration-ms="2" status="PASS">
          <reporter-output>
            <line>
              <![CDATA[before test is launched]]>
            </line>
          </reporter-output>
        </test-method> <!-- bt -->
        <test-method is-config="true" signature="bc()[pri:0, instance:ChronologicalOrder.Annotation@59505b48]" started-at="2024-05-05T23:13:25 IST" name="bc" finished-at="2024-05-05T23:13:25 IST" duration-ms="1" status="PASS">
          <reporter-output>
            <line>
              <![CDATA[before class is launched]]>
            </line>
          </reporter-output>
        </test-method> <!-- bc -->
        <test-method is-config="true" signature="bm()[pri:0, instance:ChronologicalOrder.Annotation@59505b48]" started-at="2024-05-05T23:13:25 IST" name="bm" finished-at="2024-05-05T23:13:25 IST" duration-ms="0" status="PASS">
          <reporter-output>
            <line>
              <![CDATA[before method is launched]]>
            </line>
          </reporter-output>
        </test-method> <!-- bm -->
        <test-method signature="tst()[pri:0, instance:ChronologicalOrder.Annotation@59505b48]" started-at="2024-05-05T23:13:25 IST" name="tst" finished-at="2024-05-05T23:13:25 IST" duration-ms="4" status="PASS">
          <reporter-output>
            <line>
              <![CDATA[test is launched]]>
            </line>
          </reporter-output>
        </test-method> <!-- tst -->
        <test-method is-config="true" signature="am()[pri:0, instance:ChronologicalOrder.Annotation@59505b48]" started-at="2024-05-05T23:13:25 IST" name="am" finished-at="2024-05-05T23:13:25 IST" duration-ms="0" status="PASS">
          <reporter-output>
            <line>
              <![CDATA[aftermethod is launched]]>
            </line>
          </reporter-output>
        </test-method> <!-- am -->
        <test-method is-config="true" signature="ac()[pri:0, instance:ChronologicalOrder.Annotation@59505b48]" started-at="2024-05-05T23:13:25 IST" name="ac" finished-at="2024-05-05T23:13:25 IST" duration-ms="1" status="PASS">
          <reporter-output>
            <line>
              <![CDATA[after class is launched]]>
            </line>
          </reporter-output>
        </test-method> <!-- ac -->
        <test-method is-config="true" signature="at()[pri:0, instance:ChronologicalOrder.Annotation@59505b48]" started-at="2024-05-05T23:13:25 IST" name="at" finished-at="2024-05-05T23:13:25 IST" duration-ms="0" status="PASS">
          <reporter-output>
            <line>
              <![CDATA[after test is launched]]>
            </line>
          </reporter-output>
        </test-method> <!-- at -->
        <test-method is-config="true" signature="as()[pri:0, instance:ChronologicalOrder.Annotation@59505b48]" started-at="2024-05-05T23:13:25 IST" name="as" finished-at="2024-05-05T23:13:25 IST" duration-ms="0" status="PASS">
          <reporter-output>
            <line>
              <![CDATA[after suite is launched]]>
            </line>
          </reporter-output>
        </test-method> <!-- as -->
      </class> <!-- ChronologicalOrder.Annotation -->
    </test> <!-- Default test -->
  </suite> <!-- Default suite -->
</testng-results>
